\BOOKMARK [1][-]{section.1}{\376\377\000C\000\040\116\012\166\204\121\375\145\160}{}% 1
\BOOKMARK [1][-]{section.2}{\376\377\147\357\211\177\166\204\171\357\122\006\164\006\213\272}{}% 2
\BOOKMARK [2][-]{subsection.2.1}{\376\377\215\357\137\204\171\357\122\006}{section.2}% 3
\BOOKMARK [2][-]{subsection.2.2}{\376\377\000G\000o\000u\000r\000s\000a\000t\040\031\000s\000\040\000t\000h\000e\000o\000r\000e\000m}{section.2}% 4
\BOOKMARK [2][-]{subsection.2.3}{\376\377\000C\000a\000u\000c\000h\000y\040\031\000s\000\040\000t\000h\000e\000o\000r\000e\000m\000\040\000f\000o\000r\000\040\000a\000\040\000d\000i\000s\000c}{section.2}% 5
\BOOKMARK [2][-]{subsection.2.4}{\376\377\000C\000a\000u\000c\000h\000y\040\031\000s\000\040\000i\000n\000t\000e\000g\000r\000a\000l\000\040\000f\000o\000r\000m\000u\000l\000a\000s}{section.2}% 6
\BOOKMARK [2][-]{subsection.2.5}{\376\377\121\150\176\257\123\163\211\343\147\220}{section.2}% 7
\BOOKMARK [2][-]{subsection.2.6}{\376\377\000C\000a\000u\000c\000h\000y\000\040\171\357\122\006\121\154\137\017\166\204\136\224\165\050}{section.2}% 8
\BOOKMARK [1][-]{section.3}{\376\377\116\316\121\150\176\257\122\060\116\232\176\257}{}% 9
\BOOKMARK [2][-]{subsection.3.1}{\376\377\116\232\176\257\121\375\145\160\377\014\133\144\172\313\131\107\160\271}{section.3}% 10
\BOOKMARK [2][-]{subsection.3.2}{\376\377\165\131\145\160\133\232\164\006}{section.3}% 11
\BOOKMARK [2][-]{subsection.3.3}{\376\377\217\220\211\322\123\237\164\006}{section.3}% 12
\BOOKMARK [1][-]{section.4}{\376\377\136\102\176\247\145\160}{}% 13
\BOOKMARK [2][-]{subsection.4.1}{\376\377\145\066\145\133\123\112\137\204\166\204\122\044\122\053}{section.4}% 14
\BOOKMARK [1][-]{section.5}{\376\377\000g\000a\000m\000m\000a\000\040\121\375\145\160\116\016\000z\000e\000t\000a\121\375\145\160}{}% 15
\BOOKMARK [1][-]{section.6}{\376\377\151\202\163\207\213\272\220\350\122\006}{}% 16
\BOOKMARK [2][-]{subsection.6.1}{\376\377\145\066\145\133\140\047}{section.6}% 17
\BOOKMARK [2][-]{subsection.6.2}{\376\377\147\141\116\366\147\037\147\033}{section.6}% 18
\BOOKMARK [3][-]{subsubsection.6.2.1}{\376\377\147\141\116\366\147\037\147\033\166\204\133\232\116\111}{subsection.6.2}% 19
\BOOKMARK [3][-]{subsubsection.6.2.2}{\376\377\147\141\116\366\147\037\147\033\166\204\140\047\215\050}{subsection.6.2}% 20
\BOOKMARK [2][-]{subsection.6.3}{\376\377\227\205}{section.6}% 21
\BOOKMARK [1][-]{section.7}{\376\377\226\217\147\072\217\307\172\013\377\014\226\217\147\072\137\256\122\006\145\271\172\013\116\016\221\321\207\215}{}% 22
\BOOKMARK [2][-]{subsection.7.1}{\376\377\136\003\147\027\217\320\122\250}{section.7}% 23
\BOOKMARK [2][-]{subsection.7.2}{\376\377\000I\000t\000o\040\031\000s\000\040\000f\000o\000r\000m\000u\000l\000a}{section.7}% 24
\BOOKMARK [2][-]{subsection.7.3}{\376\377\154\312\147\176\217\307\172\013}{section.7}% 25
